<?xml version="1.0" encoding="UTF-8"?>
<!-- Generated by org.testng.reporters.JUnitReportReporter -->
<testsuite hostname="ImransDell" failures="0" tests="4" name="com.mart.test.Productadd" time="7.136" errors="0" timestamp="2024-10-26T18:50:37 IST" skipped="0">
  <testcase classname="com.mart.test.Productadd" name="loginAdminUsingOtp" time="0.200"/>
  <system-out/>
  <testcase classname="com.mart.test.Productadd" name="getOtpFromDatabase" time="0.490"/>
  <system-out/>
  <testcase classname="com.mart.test.Productadd" name="requestOTP" time="5.173"/>
  <system-out/>
  <testcase classname="com.mart.test.Productadd" name="addProductByAdmin" time="1.273"/>
  <system-out/>
</testsuite> <!-- com.mart.test.Productadd -->
